.\Debug\Tetris.bsc
.\Debug\Tetris.ilk
.\Debug\Tetris.pdb
D:\Tools\01.QAC\010.SampleCode\Tetris_Oriz\.\Debug\Tetris.exe
D:\Tools\01.QAC\010.SampleCode\Tetris_Oriz\.\Debug\Tetris.exe.intermediate.manifest
D:\Tools\01.QAC\010.SampleCode\Tetris_Oriz\Debug\BscMake.command.1.tlog
D:\Tools\01.QAC\010.SampleCode\Tetris_Oriz\Debug\bscmake.read.1.tlog
D:\Tools\01.QAC\010.SampleCode\Tetris_Oriz\Debug\bscmake.write.1.tlog
D:\Tools\01.QAC\010.SampleCode\Tetris_Oriz\Debug\cl.command.1.tlog
D:\Tools\01.QAC\010.SampleCode\Tetris_Oriz\Debug\CL.read.1.tlog
D:\Tools\01.QAC\010.SampleCode\Tetris_Oriz\Debug\CL.write.1.tlog
D:\Tools\01.QAC\010.SampleCode\Tetris_Oriz\Debug\link.command.1.tlog
D:\Tools\01.QAC\010.SampleCode\Tetris_Oriz\Debug\link.read.1.tlog
D:\Tools\01.QAC\010.SampleCode\Tetris_Oriz\Debug\link.write.1.tlog
D:\Tools\01.QAC\010.SampleCode\Tetris_Oriz\Debug\link-cvtres.read.1.tlog
D:\Tools\01.QAC\010.SampleCode\Tetris_Oriz\Debug\link-cvtres.write.1.tlog
D:\Tools\01.QAC\010.SampleCode\Tetris_Oriz\Debug\mt.command.1.tlog
D:\Tools\01.QAC\010.SampleCode\Tetris_Oriz\Debug\mt.read.1.tlog
D:\Tools\01.QAC\010.SampleCode\Tetris_Oriz\Debug\mt.write.1.tlog
D:\Tools\01.QAC\010.SampleCode\Tetris_Oriz\Debug\rc.command.1.tlog
D:\Tools\01.QAC\010.SampleCode\Tetris_Oriz\Debug\rc.read.1.tlog
D:\Tools\01.QAC\010.SampleCode\Tetris_Oriz\Debug\rc.write.1.tlog
D:\TOOLS\01.QAC\010.SAMPLECODE\TETRIS_ORIZ\DEBUG\TETRIS.BSC
D:\TOOLS\01.QAC\010.SAMPLECODE\TETRIS_ORIZ\DEBUG\TETRIS.EXE
D:\TOOLS\01.QAC\010.SAMPLECODE\TETRIS_ORIZ\DEBUG\TETRIS.EXE.EMBED.MANIFEST
D:\TOOLS\01.QAC\010.SAMPLECODE\TETRIS_ORIZ\DEBUG\TETRIS.EXE.EMBED.MANIFEST.RES
D:\TOOLS\01.QAC\010.SAMPLECODE\TETRIS_ORIZ\DEBUG\TETRIS.EXE.INTERMEDIATE.MANIFEST
D:\TOOLS\01.QAC\010.SAMPLECODE\TETRIS_ORIZ\DEBUG\TETRIS.ILK
D:\TOOLS\01.QAC\010.SAMPLECODE\TETRIS_ORIZ\DEBUG\TETRIS.OBJ
D:\TOOLS\01.QAC\010.SAMPLECODE\TETRIS_ORIZ\DEBUG\TETRIS.PDB
D:\TOOLS\01.QAC\010.SAMPLECODE\TETRIS_ORIZ\DEBUG\TETRIS.RES
D:\TOOLS\01.QAC\010.SAMPLECODE\TETRIS_ORIZ\DEBUG\TETRIS.SBR
D:\Tools\01.QAC\010.SampleCode\Tetris_Oriz\Debug\Tetris.write.1.tlog
D:\Tools\01.QAC\010.SampleCode\Tetris_Oriz\Debug\Tetris_manifest.rc
D:\Tools\01.QAC\010.SampleCode\Tetris_Oriz\Debug\vc100.idb
D:\TOOLS\01.QAC\010.SAMPLECODE\TETRIS_ORIZ\DEBUG\VC100.PDB
